\BOOKMARK [0][-]{chapter.1}{\376\377\000A\000l\000i\000v\000e\000\040\000D\000o\000c\000u\000m\000e\000n\000t\000a\000t\000i\000o\000n}{}% 1
\BOOKMARK [1][-]{section.1.1}{\376\377\000A\000b\000o\000u\000t\000\040\000t\000h\000e\000\040\000p\000r\000o\000g\000r\000a\000m}{chapter.1}% 2
\BOOKMARK [1][-]{section.1.2}{\376\377\000I\000n\000s\000t\000a\000l\000l\000a\000t\000i\000o\000n}{chapter.1}% 3
\BOOKMARK [2][-]{subsection.1.2.1}{\376\377\000L\000i\000n\000u\000x}{section.1.2}% 4
\BOOKMARK [2][-]{subsection.1.2.2}{\376\377\000S\000q\000l\000i\000t\000e\000\040\000d\000a\000t\000a\000b\000a\000s\000e}{section.1.2}% 5
\BOOKMARK [1][-]{section.1.3}{\376\377\000P\000r\000o\000g\000r\000a\000m\000\040\000u\000s\000e\000r\000\040\000g\000u\000i\000d\000e}{chapter.1}% 6
\BOOKMARK [2][-]{subsection.1.3.1}{\376\377\000O\000v\000e\000r\000v\000i\000e\000w}{section.1.3}% 7
\BOOKMARK [2][-]{subsection.1.3.2}{\376\377\000A\000l\000g\000o\000r\000i\000t\000h\000m}{section.1.3}% 8
\BOOKMARK [2][-]{subsection.1.3.3}{\376\377\000R\000u\000n\000n\000i\000n\000g\000\040\000p\000r\000o\000g\000r\000a\000m}{section.1.3}% 9
\BOOKMARK [2][-]{subsection.1.3.4}{\376\377\000P\000l\000a\000t\000e\000a\000u\000\040\000t\000e\000s\000t}{section.1.3}% 10
\BOOKMARK [2][-]{subsection.1.3.5}{\376\377\000D\000a\000t\000a\000b\000a\000s\000e\000\040\000t\000a\000b\000l\000e\000s}{section.1.3}% 11
\BOOKMARK [1][-]{section.1.4}{\376\377\000D\000e\000v\000e\000l\000o\000p\000e\000m\000e\000n\000t\000\040\000o\000f\000\040\000t\000h\000e\000\040\000p\000r\000o\000g\000r\000a\000m}{chapter.1}% 12
\BOOKMARK [2][-]{subsection.1.4.1}{\376\377\000P\000r\000o\000g\000r\000a\000m\000\040\000s\000t\000r\000u\000c\000t\000u\000r\000e\000\040\000o\000v\000e\000r\000v\000i\000e\000w}{section.1.4}% 13
\BOOKMARK [0][-]{chapter.2}{\376\377\000N\000a\000m\000e\000s\000p\000a\000c\000e\000\040\000I\000n\000d\000e\000x}{}% 14
\BOOKMARK [1][-]{section.2.1}{\376\377\000N\000a\000m\000e\000s\000p\000a\000c\000e\000\040\000L\000i\000s\000t}{chapter.2}% 15
\BOOKMARK [0][-]{chapter.3}{\376\377\000H\000i\000e\000r\000a\000r\000c\000h\000i\000c\000a\000l\000\040\000I\000n\000d\000e\000x}{}% 16
\BOOKMARK [1][-]{section.3.1}{\376\377\000C\000l\000a\000s\000s\000\040\000H\000i\000e\000r\000a\000r\000c\000h\000y}{chapter.3}% 17
\BOOKMARK [0][-]{chapter.4}{\376\377\000D\000a\000t\000a\000\040\000S\000t\000r\000u\000c\000t\000u\000r\000e\000\040\000I\000n\000d\000e\000x}{}% 18
\BOOKMARK [1][-]{section.4.1}{\376\377\000D\000a\000t\000a\000\040\000S\000t\000r\000u\000c\000t\000u\000r\000e\000s}{chapter.4}% 19
\BOOKMARK [0][-]{chapter.5}{\376\377\000N\000a\000m\000e\000s\000p\000a\000c\000e\000\040\000D\000o\000c\000u\000m\000e\000n\000t\000a\000t\000i\000o\000n}{}% 20
\BOOKMARK [1][-]{section.5.1}{\376\377\000U\000i\000\040\000N\000a\000m\000e\000s\000p\000a\000c\000e\000\040\000R\000e\000f\000e\000r\000e\000n\000c\000e}{chapter.5}% 21
\BOOKMARK [2][-]{subsection.5.1.1}{\376\377\000D\000e\000t\000a\000i\000l\000e\000d\000\040\000D\000e\000s\000c\000r\000i\000p\000t\000i\000o\000n}{section.5.1}% 22
\BOOKMARK [0][-]{chapter.6}{\376\377\000D\000a\000t\000a\000\040\000S\000t\000r\000u\000c\000t\000u\000r\000e\000\040\000D\000o\000c\000u\000m\000e\000n\000t\000a\000t\000i\000o\000n}{}% 23
\BOOKMARK [1][-]{section.6.1}{\376\377\000B\000i\000n\000R\000e\000a\000d\000e\000r\000\040\000C\000l\000a\000s\000s\000\040\000R\000e\000f\000e\000r\000e\000n\000c\000e}{chapter.6}% 24
\BOOKMARK [1][-]{section.6.2}{\376\377\000C\000a\000l\000i\000b\000r\000a\000t\000i\000o\000n\000\040\000C\000l\000a\000s\000s\000\040\000R\000e\000f\000e\000r\000e\000n\000c\000e}{chapter.6}% 25
\BOOKMARK [1][-]{section.6.3}{\376\377\000D\000a\000t\000a\000\040\000C\000l\000a\000s\000s\000\040\000R\000e\000f\000e\000r\000e\000n\000c\000e}{chapter.6}% 26
\BOOKMARK [1][-]{section.6.4}{\376\377\000D\000a\000t\000a\000H\000a\000n\000d\000l\000e\000\040\000C\000l\000a\000s\000s\000\040\000R\000e\000f\000e\000r\000e\000n\000c\000e}{chapter.6}% 27
\BOOKMARK [1][-]{section.6.5}{\376\377\000I\000n\000f\000o\000\040\000C\000l\000a\000s\000s\000\040\000R\000e\000f\000e\000r\000e\000n\000c\000e}{chapter.6}% 28
\BOOKMARK [1][-]{section.6.6}{\376\377\000M\000a\000i\000n\000W\000i\000n\000d\000o\000w\000\040\000C\000l\000a\000s\000s\000\040\000R\000e\000f\000e\000r\000e\000n\000c\000e}{chapter.6}% 29
\BOOKMARK [1][-]{section.6.7}{\376\377\000M\000a\000i\000n\000W\000i\000n\000d\000o\000w\000D\000a\000t\000a\000\040\000S\000t\000r\000u\000c\000t\000\040\000R\000e\000f\000e\000r\000e\000n\000c\000e}{chapter.6}% 30
\BOOKMARK [1][-]{section.6.8}{\376\377\000P\000l\000a\000t\000e\000a\000u\000\040\000C\000l\000a\000s\000s\000\040\000R\000e\000f\000e\000r\000e\000n\000c\000e}{chapter.6}% 31
\BOOKMARK [1][-]{section.6.9}{\376\377\000S\000q\000l\000C\000o\000n\000n\000e\000c\000t\000i\000o\000n\000\040\000C\000l\000a\000s\000s\000\040\000R\000e\000f\000e\000r\000e\000n\000c\000e}{chapter.6}% 32
\BOOKMARK [1][-]{section.6.10}{\376\377\000S\000q\000l\000H\000a\000n\000d\000l\000e\000\040\000C\000l\000a\000s\000s\000\040\000R\000e\000f\000e\000r\000e\000n\000c\000e}{chapter.6}% 33
\BOOKMARK [-1][-]{section*.26}{\376\377\000I\000n\000d\000e\000x}{}% 34
